<?xml version="1.0" encoding="UTF-8"?>
<testsuite xmlns:xsi="http://www.w3.org/2001/XMLSchema-instance" xsi:noNamespaceSchemaLocation="https://maven.apache.org/surefire/maven-surefire-plugin/xsd/surefire-test-report.xsd" name="com.mindtree.runner.TestRunner" time="149.098" tests="9" errors="0" skipped="0" failures="0">
  <properties>
[...]
</properties>
  <testcase name="Centigrade to Fahrenheit Converter through standard java program" classname="I want to convert the given centigrade temperature value into" time="0.031"/>
  <testcase name="Centigrade to Fahrenheit Converter through standard java program" classname="I want to convert the given centigrade temperature value into" time="0.019"/>
  <testcase name="Centigrade to Fahrenheit Converter through standard java program" classname="I want to convert the given centigrade temperature value into" time="0.013"/>
  <testcase name="Centigrade to Fahrenheit Converter through Application" classname="I want to convert the given centigrade temperature value into" time="66.845"/>
  <testcase name="Centigrade to Fahrenheit Converter through Application" classname="I want to convert the given centigrade temperature value into" time="37.582"/>
  <testcase name="Centigrade to Fahrenheit Converter through Application" classname="I want to convert the given centigrade temperature value into" time="36.234"/>
  <testcase name="Verify the search functionality in git hub repository using keyword" classname="Search the git hub repository using keyword" time="2.603"/>
  <testcase name="Verify the search functionality in git hub repository using keyword" classname="Search the git hub repository using keyword" time="1.753"/>
  <testcase name="Verify the search functionality in git hub repository using keyword" classname="Search the git hub repository using keyword" time="2.105"/>
</testsuite>